<?xml version="1.0" encoding="UTF-8" standalone="yes"?><!DOCTYPE report PUBLIC "-//JACOCO//DTD Report 1.1//EN" "report.dtd"><report name="jpacman-framework"><sessioninfo id="PokerComputer-cc881d33" start="1696419048726" dump="1696419053991"/><sessioninfo id="PokerComputer-e51b527e" start="1696419488907" dump="1696419493516"/><sessioninfo id="PokerComputer-41c95b47" start="1696419672595" dump="1696419677056"/><sessioninfo id="PokerComputer-2ea06cbf" start="1696419983166" dump="1696419987712"/><sessioninfo id="PokerComputer-ec3b6ee6" start="1696420100013" dump="1696420104425"/><sessioninfo id="PokerComputer-a788dbc6" start="1696420297855" dump="1696420302214"/><sessioninfo id="PokerComputer-b197af6f" start="1696420552765" dump="1696420557483"/><sessioninfo id="PokerComputer-58e96917" start="1696420653182" dump="1696420657664"/><sessioninfo id="PokerComputer-15299135" start="1696420786231" dump="1696420790629"/><sessioninfo id="PokerComputer-7342d528" start="1696421007542" dump="1696421012226"/><sessioninfo id="PokerComputer-221dbb4e" start="1696421191138" dump="1696421195842"/><sessioninfo id="PokerComputer-35b6714f" start="1696421366333" dump="1696421370946"/><sessioninfo id="PokerComputer-1898c52b" start="1696421633393" dump="1696421637973"/><sessioninfo id="PokerComputer-f44c4cba" start="1696421820995" dump="1696421825520"/><sessioninfo id="PokerComputer-ac684e2c" start="1696421969662" dump="1696421974159"/></report>